TN:
SF:/Users/lulutia/muriel/react-native-picker-xg/app/csetup.js
FN:151,(anonymous_15)
FN:156,(anonymous_17)
FN:208,onRequestClose
FN:214,onPress
FN:221,onPress
FN:227,(anonymous_23)
FN:238,onValueChange
FN:240,(anonymous_25)
FN:259,onFocus
FNF:9
FNH:8
FNDA:0,(anonymous_15)
FNDA:1,(anonymous_17)
FNDA:1,onRequestClose
FNDA:1,onPress
FNDA:1,onPress
FNDA:18,(anonymous_23)
FNDA:1,onValueChange
FNDA:46,(anonymous_25)
FNDA:1,onFocus
DA:2,1
DA:19,1
DA:20,1
DA:21,1
DA:22,1
DA:23,1
DA:24,1
DA:25,1
DA:34,24
DA:36,12
DA:37,12
DA:38,12
DA:39,12
DA:40,12
DA:41,12
DA:45,15
DA:46,15
DA:47,15
DA:48,15
DA:49,9
DA:50,6
DA:53,6
DA:56,15
DA:57,15
DA:58,15
DA:59,17
DA:60,8
DA:61,8
DA:62,8
DA:63,8
DA:64,8
DA:65,8
DA:68,9
DA:69,9
DA:73,15
DA:74,15
DA:75,15
DA:76,15
DA:77,15
DA:78,15
DA:79,15
DA:80,15
DA:94,2
DA:95,18
DA:96,4
DA:98,2
DA:99,2
DA:100,2
DA:103,2
DA:104,2
DA:105,2
DA:106,18
DA:107,4
DA:109,18
DA:110,4
DA:112,18
DA:113,4
DA:115,2
DA:116,2
DA:120,2
DA:121,2
DA:122,2
DA:123,2
DA:124,18
DA:125,4
DA:127,18
DA:128,4
DA:130,18
DA:131,4
DA:133,2
DA:134,2
DA:135,2
DA:136,2
DA:140,4
DA:141,4
DA:142,1
DA:143,1
DA:148,3
DA:151,0
DA:154,3
DA:155,3
DA:156,1
DA:157,1
DA:158,1
DA:159,0
DA:163,2
DA:164,1
DA:165,1
DA:169,1
DA:170,1
DA:171,1
DA:172,1
DA:173,1
DA:174,1
DA:175,1
DA:176,1
DA:177,1
DA:178,1
DA:180,1
DA:181,0
DA:182,0
DA:183,0
DA:184,0
DA:185,0
DA:187,1
DA:188,1
DA:189,1
DA:191,1
DA:193,23
DA:195,23
DA:198,23
DA:202,23
DA:208,1
DA:214,1
DA:221,1
DA:228,18
DA:238,1
DA:240,46
DA:259,1
LF:119
LH:112
BRDA:19,1,0,1
BRDA:19,1,1,0
BRDA:48,2,0,9
BRDA:48,2,1,6
BRDA:59,3,0,8
BRDA:59,3,1,9
BRDA:75,4,0,15
BRDA:75,4,1,14
BRDA:76,5,0,14
BRDA:76,5,1,1
BRDA:77,6,0,14
BRDA:77,6,1,1
BRDA:78,7,0,14
BRDA:78,7,1,1
BRDA:79,8,0,15
BRDA:79,8,1,14
BRDA:95,9,0,8
BRDA:95,9,1,4
BRDA:106,10,0,8
BRDA:106,10,1,4
BRDA:109,11,0,8
BRDA:109,11,1,4
BRDA:112,12,0,8
BRDA:112,12,1,4
BRDA:120,13,0,2
BRDA:120,13,1,0
BRDA:124,14,0,8
BRDA:124,14,1,4
BRDA:127,15,0,8
BRDA:127,15,1,4
BRDA:130,16,0,8
BRDA:130,16,1,4
BRDA:141,17,0,1
BRDA:141,17,1,3
BRDA:155,18,0,1
BRDA:155,18,1,2
BRDA:158,19,0,0
BRDA:158,19,1,1
BRDA:163,20,0,1
BRDA:163,20,1,1
BRDA:175,21,0,1
BRDA:175,21,1,0
BRDA:196,22,0,23
BRDA:196,22,1,0
BRDA:199,23,0,23
BRDA:199,23,1,0
BRDA:240,24,0,18
BRDA:240,24,1,18
BRF:48
BRH:42
end_of_record
TN:
SF:/Users/lulutia/muriel/react-native-picker-xg/app/roll.js
FN:41,(anonymous_13)
FN:109,onMoveShouldSetPanResponder
FN:110,onMoveShouldSetPanResponderCapture
FN:121,(anonymous_22)
FN:126,onPress
FN:139,onPress
FN:173,ref
FN:178,ref
FN:183,ref
FNF:9
FNH:4
FNDA:30,(anonymous_13)
FNDA:0,onMoveShouldSetPanResponder
FNDA:0,onMoveShouldSetPanResponderCapture
FNDA:36,(anonymous_22)
FNDA:1,onPress
FNDA:1,onPress
FNDA:0,ref
FNDA:0,ref
FNDA:0,ref
DA:26,14
DA:28,7
DA:36,8
DA:37,8
DA:38,8
DA:39,8
DA:40,8
DA:41,8
DA:42,30
DA:43,30
DA:45,8
DA:55,1
DA:56,1
DA:57,1
DA:62,1
DA:67,1
DA:75,1
DA:76,1
DA:77,1
DA:78,1
DA:79,1
DA:80,1
DA:81,1
DA:82,1
DA:83,1
DA:88,3
DA:89,3
DA:90,0
DA:93,3
DA:94,2
DA:96,1
DA:101,1
DA:102,1
DA:103,1
DA:104,1
DA:108,7
DA:109,0
DA:110,0
DA:114,7
DA:115,7
DA:119,10
DA:120,10
DA:121,10
DA:122,36
DA:126,1
DA:130,36
DA:135,36
DA:139,1
DA:143,10
DA:147,2
DA:148,2
DA:149,2
DA:152,9
DA:153,9
DA:154,9
DA:155,9
DA:157,9
DA:161,9
DA:164,9
DA:169,9
DA:173,0
DA:178,0
DA:183,0
DA:192,1
DA:193,1
LF:65
LH:59
BRDA:42,1,0,30
BRDA:42,1,1,0
BRDA:57,2,0,1
BRDA:57,2,1,0
BRDA:62,3,0,1
BRDA:62,3,1,0
BRDA:67,4,0,1
BRDA:67,4,1,0
BRDA:79,5,0,1
BRDA:79,5,1,0
BRDA:79,6,0,1
BRDA:79,6,1,1
BRDA:89,7,0,0
BRDA:89,7,1,3
BRDA:93,8,0,2
BRDA:93,8,1,1
BRDA:94,9,0,1
BRDA:94,9,1,1
BRDA:96,10,0,0
BRDA:96,10,1,1
BRDA:102,11,0,1
BRDA:102,11,1,0
BRDA:149,12,0,2
BRDA:149,12,1,0
BRDA:19,13,0,1
BRDA:19,13,1,0
BRF:26
BRH:16
end_of_record
TN:
SF:/Users/lulutia/muriel/react-native-picker-xg/app/roll2.js
FN:41,(anonymous_13)
FN:109,onMoveShouldSetPanResponder
FN:110,onMoveShouldSetPanResponderCapture
FN:121,(anonymous_22)
FN:127,onPress
FN:141,onPress
FN:178,ref
FN:184,ref
FN:190,ref
FNF:9
FNH:4
FNDA:20,(anonymous_13)
FNDA:0,onMoveShouldSetPanResponder
FNDA:0,onMoveShouldSetPanResponderCapture
FNDA:20,(anonymous_22)
FNDA:1,onPress
FNDA:1,onPress
FNDA:0,ref
FNDA:0,ref
FNDA:0,ref
DA:25,16
DA:27,8
DA:28,8
DA:32,0
DA:36,9
DA:37,9
DA:38,9
DA:39,9
DA:40,9
DA:41,9
DA:42,20
DA:43,20
DA:45,9
DA:55,1
DA:56,1
DA:57,1
DA:62,1
DA:67,1
DA:75,1
DA:76,1
DA:77,1
DA:78,1
DA:79,1
DA:80,1
DA:81,1
DA:82,1
DA:83,1
DA:88,3
DA:89,3
DA:90,0
DA:93,3
DA:94,2
DA:96,1
DA:101,1
DA:102,1
DA:103,1
DA:104,1
DA:108,8
DA:109,0
DA:110,0
DA:114,8
DA:115,8
DA:119,9
DA:120,9
DA:121,9
DA:123,20
DA:127,1
DA:131,20
DA:137,20
DA:141,1
DA:146,9
DA:150,4
DA:152,4
DA:153,4
DA:156,8
DA:157,8
DA:158,8
DA:159,8
DA:161,8
DA:165,8
DA:168,8
DA:173,8
DA:178,0
DA:184,0
DA:190,0
DA:201,1
DA:202,1
LF:67
LH:60
BRDA:42,1,0,20
BRDA:42,1,1,0
BRDA:57,2,0,1
BRDA:57,2,1,0
BRDA:62,3,0,1
BRDA:62,3,1,0
BRDA:67,4,0,1
BRDA:67,4,1,0
BRDA:79,5,0,1
BRDA:79,5,1,0
BRDA:79,6,0,1
BRDA:79,6,1,1
BRDA:89,7,0,0
BRDA:89,7,1,3
BRDA:93,8,0,2
BRDA:93,8,1,1
BRDA:94,9,0,1
BRDA:94,9,1,1
BRDA:96,10,0,1
BRDA:96,10,1,0
BRDA:102,11,0,1
BRDA:102,11,1,0
BRDA:152,12,0,4
BRDA:152,12,1,0
BRDA:18,13,0,1
BRDA:18,13,1,0
BRF:26
BRH:16
end_of_record
TN:
SF:/Users/lulutia/muriel/react-native-picker-xg/app/setup3.js
FN:56,(anonymous_11)
FN:88,(anonymous_13)
FN:121,(anonymous_16)
FN:156,onRequestClose
FN:162,onPress
FN:169,onPress
FN:176,(anonymous_22)
FN:186,onValueChange
FN:193,(anonymous_24)
FN:213,onFocus
FNF:10
FNH:8
FNDA:1,(anonymous_11)
FNDA:2,(anonymous_13)
FNDA:0,(anonymous_16)
FNDA:1,onRequestClose
FNDA:1,onPress
FNDA:1,onPress
FNDA:15,(anonymous_22)
FNDA:0,onValueChange
FNDA:60,(anonymous_24)
FNDA:1,onFocus
DA:2,1
DA:20,1
DA:21,1
DA:23,1
DA:24,1
DA:25,1
DA:26,1
DA:39,16
DA:41,8
DA:42,8
DA:43,8
DA:47,8
DA:48,8
DA:49,8
DA:50,42
DA:51,7
DA:52,7
DA:55,1
DA:56,1
DA:57,1
DA:60,8
DA:61,8
DA:62,8
DA:63,8
DA:64,8
DA:65,8
DA:66,8
DA:67,8
DA:68,8
DA:69,8
DA:70,8
DA:71,8
DA:87,2
DA:88,2
DA:89,2
DA:91,2
DA:92,2
DA:95,2
DA:96,2
DA:97,2
DA:98,2
DA:99,2
DA:100,12
DA:101,2
DA:103,12
DA:104,2
DA:106,2
DA:107,2
DA:110,3
DA:111,3
DA:112,1
DA:113,1
DA:118,2
DA:121,0
DA:126,4
DA:127,1
DA:128,0
DA:130,3
DA:131,2
DA:132,2
DA:133,12
DA:134,2
DA:136,12
DA:137,2
DA:139,2
DA:140,2
DA:143,15
DA:144,15
DA:147,15
DA:150,15
DA:156,1
DA:162,1
DA:169,1
DA:177,15
DA:187,0
DA:188,0
DA:189,0
DA:193,60
DA:213,1
LF:79
LH:74
BRDA:20,1,0,1
BRDA:20,1,1,0
BRDA:49,2,0,7
BRDA:49,2,1,1
BRDA:50,3,0,21
BRDA:50,3,1,7
BRDA:64,4,0,8
BRDA:64,4,1,7
BRDA:65,5,0,7
BRDA:65,5,1,1
BRDA:66,6,0,7
BRDA:66,6,1,1
BRDA:67,7,0,7
BRDA:67,7,1,1
BRDA:68,8,0,8
BRDA:68,8,1,7
BRDA:69,9,0,8
BRDA:69,9,1,7
BRDA:70,10,0,8
BRDA:70,10,1,7
BRDA:95,11,0,2
BRDA:95,11,1,0
BRDA:100,12,0,6
BRDA:100,12,1,2
BRDA:103,13,0,6
BRDA:103,13,1,2
BRDA:111,14,0,1
BRDA:111,14,1,2
BRDA:126,15,0,1
BRDA:126,15,1,3
BRDA:127,16,0,0
BRDA:127,16,1,1
BRDA:130,17,0,2
BRDA:130,17,1,1
BRDA:133,18,0,6
BRDA:133,18,1,2
BRDA:136,19,0,6
BRDA:136,19,1,2
BRDA:145,20,0,14
BRDA:145,20,1,1
BRDA:148,21,0,14
BRDA:148,21,1,1
BRDA:192,22,0,15
BRDA:192,22,1,15
BRF:44
BRH:41
end_of_record
